#
# A fatal error has been detected by the Java Runtime Environment:
#
#  EXCEPTION_ACCESS_VIOLATION (0xc0000005) at pc=0x6b3ed503, pid=3364, tid=2608
#
# JRE version: 7.0-b147
# Java VM: Java HotSpot(TM) Client VM (21.0-b17 mixed mode, sharing windows-x86 )
# Problematic frame:
# V  [jvm.dll+0x19d503]
#
# Failed to write core dump. Minidumps are not enabled by default on client versions of Windows
#
# If you would like to submit a bug report, please visit:
#   http://bugreport.sun.com/bugreport/crash.jsp
#

---------------  T H R E A D  ---------------

Current thread (0x01ee6800):  VMThread [stack: 0x04180000,0x041d0000] [id=2608]

siginfo: ExceptionCode=0xc0000005, reading address 0x0725fbfc

Registers:
EAX=0x0725fc1c, EBX=0x06959140, ECX=0x041cf828, EDX=0x00000000
ESP=0x041cf7d0, EBP=0x041cf844, ESI=0x06959058, EDI=0x0725fbf4
EIP=0x6b3ed503, EFLAGS=0x00010213

Top of Stack: (sp=0x041cf7d0)
0x041cf7d0:   6b39506b 01e53318 06959058 01e65110
0x041cf7e0:   00000000 00000000 06667fec 041cf828
0x041cf7f0:   01fca595 041cf808 0725fbf0 01fca595
0x041cf800:   01fc2888 00000000 0725fc1c 0725fbf0
0x041cf810:   0725fbf0 01fca595 01fc2888 00000000
0x041cf820:   0725fc1c 0725fbf0 0725fbf0 01fca595
0x041cf830:   01fc2888 00000000 0725fc1c 0725fbf0
0x041cf840:   041cf944 041cf944 6b369adf 01e3d16c 

Instructions: (pc=0x6b3ed503)
0x6b3ed4e3:   8b 40 fc c3 cc cc cc cc cc cc cc cc cc 8b 41 10
0x6b3ed4f3:   83 e8 20 c3 cc cc cc cc cc cc cc cc cc 8b 41 10
0x6b3ed503:   8b 40 e0 c3 cc cc cc cc cc cc cc cc cc 55 8b ec
0x6b3ed513:   8b 41 10 8b 4d 08 89 48 e0 5d c2 04 00 55 8b ec 


Register to memory mapping:

EAX=0x0725fc1c is pointing into the stack for thread: 0x06933000
EBX=0x06959140 is an unknown value
ECX=0x041cf828 is an unknown value
EDX=0x00000000 is an unknown value
ESP=0x041cf7d0 is an unknown value
EBP=0x041cf844 is an unknown value
ESI=0x06959058 is an unknown value
EDI=0x0725fbf4 is pointing into the stack for thread: 0x06933000


Stack: [0x04180000,0x041d0000],  sp=0x041cf7d0,  free space=317k
Native frames: (J=compiled Java code, j=interpreted, Vv=VM code, C=native code)
V  [jvm.dll+0x19d503]
V  [jvm.dll+0x119adf]
V  [jvm.dll+0x67135]
V  [jvm.dll+0x5ea03]
V  [jvm.dll+0x16b106]
V  [jvm.dll+0x148f35]
V  [jvm.dll+0x14816e]
V  [jvm.dll+0x14849c]
V  [jvm.dll+0x148912]
V  [jvm.dll+0x171549]
C  [msvcr100.dll+0x5c6de]  endthreadex+0x3a
C  [msvcr100.dll+0x5c788]  endthreadex+0xe4
C  [kernel32.dll+0x51174]  BaseThreadInitThunk+0x12
C  [ntdll.dll+0x5b3f5]  RtlInitializeExceptionChain+0x63
C  [ntdll.dll+0x5b3c8]  RtlInitializeExceptionChain+0x36

VM_Operation (0x0497ecdc): GenCollectForAllocation, mode: safepoint, requested by thread 0x045cf400


---------------  P R O C E S S  ---------------

Java Threads: ( => current thread )
  0x04dbec00 JavaThread "Swing-Shell" daemon [_thread_blocked, id=2392, stack(0x07270000,0x072c0000)]
  0x06933000 JavaThread "Thread-4" daemon [_thread_in_native, id=1892, stack(0x07210000,0x07260000)]
  0x0458b400 JavaThread "TimerQueue" daemon [_thread_blocked, id=1040, stack(0x04a50000,0x04aa0000)]
  0x01e39000 JavaThread "DestroyJavaVM" [_thread_blocked, id=1048, stack(0x01f70000,0x01fc0000)]
  0x04722c00 JavaThread "AWT-Shutdown" [_thread_blocked, id=3400, stack(0x049b0000,0x04a00000)]
  0x045cf400 JavaThread "AWT-Windows" daemon [_thread_blocked, id=2088, stack(0x04930000,0x04980000)]
  0x045cc000 JavaThread "Java2D Disposer" daemon [_thread_blocked, id=3568, stack(0x04780000,0x047d0000)]
  0x01f03800 JavaThread "Service Thread" daemon [_thread_blocked, id=2332, stack(0x04290000,0x042e0000)]
  0x01ef9400 JavaThread "C1 CompilerThread0" daemon [_thread_blocked, id=676, stack(0x043d0000,0x04420000)]
  0x01ef8000 JavaThread "Attach Listener" daemon [_thread_blocked, id=3976, stack(0x04340000,0x04390000)]
  0x01ef5000 JavaThread "Signal Dispatcher" daemon [_thread_blocked, id=3524, stack(0x04200000,0x04250000)]
  0x01eed400 JavaThread "Finalizer" daemon [_thread_blocked, id=3152, stack(0x040a0000,0x040f0000)]
  0x01ee8400 JavaThread "Reference Handler" daemon [_thread_blocked, id=3036, stack(0x01550000,0x015a0000)]

Other Threads:
=>0x01ee6800 VMThread [stack: 0x04180000,0x041d0000] [id=2608]
  0x01f21000 WatcherThread [stack: 0x044f0000,0x04540000] [id=1456]

VM state:at safepoint (normal execution)

VM Mutex/Monitor currently owned by a thread:  ([mutex/lock_event])
[0x01e37548] Threads_lock - owner thread: 0x01ee6800
[0x01e37958] Heap_lock - owner thread: 0x045cf400

Heap
 def new generation   total 78656K, used 78655K [0x23a50000, 0x28fa0000, 0x28fa0000)
  eden space 69952K, 100% used [0x23a50000, 0x27ea0000, 0x27ea0000)
  from space 8704K,  99% used [0x27ea0000, 0x2871fff8, 0x28720000)
  to   space 8704K,   0% used [0x28720000, 0x28720000, 0x28fa0000)
 tenured generation   total 174784K, used 174784K [0x28fa0000, 0x33a50000, 0x33a50000)
   the space 174784K, 100% used [0x28fa0000, 0x33a50000, 0x33a50000, 0x33a50000)
 compacting perm gen  total 16896K, used 16724K [0x33a50000, 0x34ad0000, 0x37a50000)
   the space 16896K,  98% used [0x33a50000, 0x34aa5180, 0x34aa5200, 0x34ad0000)
    ro space 10240K,  42% used [0x37a50000, 0x37e8c660, 0x37e8c800, 0x38450000)
    rw space 12288K,  53% used [0x38450000, 0x38ac8180, 0x38ac8200, 0x39050000)

Code Cache  [0x01fc0000, 0x02a18000, 0x03fc0000)
 total_blobs=5531 nmethods=5245 adapters=214 free_code_cache=22194Kb largest_free_block=22721728

Dynamic libraries:
0x001e0000 - 0x0020f000 	C:\Program Files\Java\jre7\bin\javaw.exe
0x77980000 - 0x77abc000 	C:\Windows\SYSTEM32\ntdll.dll
0x773c0000 - 0x77494000 	C:\Windows\system32\kernel32.dll
0x75d50000 - 0x75d9a000 	C:\Windows\system32\KERNELBASE.dll
0x75e70000 - 0x75f10000 	C:\Windows\system32\ADVAPI32.dll
0x77b00000 - 0x77bac000 	C:\Windows\system32\msvcrt.dll
0x77ac0000 - 0x77ad9000 	C:\Windows\SYSTEM32\sechost.dll
0x76eb0000 - 0x76f51000 	C:\Windows\system32\RPCRT4.dll
0x775d0000 - 0x77699000 	C:\Windows\system32\USER32.dll
0x77930000 - 0x7797e000 	C:\Windows\system32\GDI32.dll
0x773b0000 - 0x773ba000 	C:\Windows\system32\LPK.dll
0x76e10000 - 0x76ead000 	C:\Windows\system32\USP10.dll
0x74b30000 - 0x74cce000 	C:\Windows\WinSxS\x86_microsoft.windows.common-controls_6595b64144ccf1df_6.0.7600.16385_none_421189da2b7fabfc\COMCTL32.dll
0x770a0000 - 0x770f7000 	C:\Windows\system32\SHLWAPI.dll
0x77ae0000 - 0x77aff000 	C:\Windows\system32\IMM32.DLL
0x76d40000 - 0x76e0c000 	C:\Windows\system32\MSCTF.dll
0x10000000 - 0x10030000 	C:\PROGRA~1\COMMON~1\System\symsrv.dll
0x75aa0000 - 0x75aba000 	C:\Windows\system32\SspiCli.dll
0x75da0000 - 0x75dcd000 	C:\Windows\system32\WINTRUST.dll
0x75c00000 - 0x75d1c000 	C:\Windows\system32\CRYPT32.dll
0x75b40000 - 0x75b4c000 	C:\Windows\system32\MSASN1.dll
0x75a90000 - 0x75a93000 	C:\Windows\system32\ws2help.dll
0x75f10000 - 0x75f45000 	C:\Windows\system32\ws2_32.DLL
0x77520000 - 0x77526000 	C:\Windows\system32\NSI.dll
0x730d0000 - 0x7318e000 	C:\Program Files\Java\jre7\bin\msvcr100.dll
0x6b250000 - 0x6b571000 	C:\Program Files\Java\jre7\bin\client\jvm.dll
0x6dca0000 - 0x6dca7000 	C:\Windows\system32\WSOCK32.dll
0x718e0000 - 0x71912000 	C:\Windows\system32\WINMM.dll
0x75e60000 - 0x75e65000 	C:\Windows\system32\PSAPI.DLL
0x74a00000 - 0x74a0c000 	C:\Program Files\Java\jre7\bin\verify.dll
0x740d0000 - 0x740f0000 	C:\Program Files\Java\jre7\bin\java.dll
0x73a20000 - 0x73a33000 	C:\Program Files\Java\jre7\bin\zip.dll
0x6b100000 - 0x6b242000 	C:\Program Files\Java\jre7\bin\awt.dll
0x778a0000 - 0x7792f000 	C:\Windows\system32\OLEAUT32.dll
0x77100000 - 0x7725c000 	C:\Windows\system32\ole32.dll
0x74870000 - 0x748b0000 	C:\Windows\system32\uxtheme.dll
0x74540000 - 0x74553000 	C:\Windows\system32\dwmapi.dll
0x75a20000 - 0x75a2c000 	C:\Windows\system32\CRYPTBASE.dll
0x75f50000 - 0x76b99000 	C:\Windows\system32\SHELL32.dll
0x730a0000 - 0x730ca000 	C:\Program Files\Java\jre7\bin\fontmanager.dll
0x73a00000 - 0x73a14000 	C:\Program Files\Java\jre7\bin\net.dll
0x75500000 - 0x7553c000 	C:\Windows\system32\mswsock.dll
0x754f0000 - 0x754f6000 	C:\Windows\System32\wship6.dll
0x73670000 - 0x73690000 	C:\Program Files\Java\jre7\bin\sunec.dll
0x75540000 - 0x75556000 	C:\Windows\system32\CRYPTSP.dll
0x752e0000 - 0x7531b000 	C:\Windows\system32\rsaenh.dll
0x75120000 - 0x75137000 	C:\Windows\system32\USERENV.dll
0x75ad0000 - 0x75adb000 	C:\Windows\system32\profapi.dll
0x73f90000 - 0x73fa0000 	C:\Windows\system32\NLAapi.dll
0x753c0000 - 0x75404000 	C:\Windows\system32\DNSAPI.dll
0x71c10000 - 0x71c18000 	C:\Windows\System32\winrnr.dll
0x71c00000 - 0x71c10000 	C:\Windows\system32\napinsp.dll
0x712c0000 - 0x712d2000 	C:\Windows\system32\pnrpnsp.dll
0x75050000 - 0x75055000 	C:\Windows\System32\wshtcpip.dll
0x73be0000 - 0x73bfc000 	C:\Windows\system32\IPHLPAPI.DLL
0x73bd0000 - 0x73bd7000 	C:\Windows\system32\WINNSI.DLL
0x725a0000 - 0x725a6000 	C:\Windows\system32\rasadhlp.dll
0x73d70000 - 0x73da8000 	C:\Windows\System32\fwpuclnt.dll
0x74a10000 - 0x74a1f000 	C:\Program Files\Java\jre7\bin\nio.dll
0x739f0000 - 0x739f9000 	C:\Program Files\Java\jre7\bin\sunmscapi.dll
0x73060000 - 0x73091000 	C:\Program Files\Java\jre7\bin\t2k.dll
0x77540000 - 0x775c3000 	C:\Windows\system32\CLBCatQ.DLL
0x74410000 - 0x7450b000 	C:\Windows\system32\WindowsCodecs.dll
0x759d0000 - 0x75a1b000 	C:\Windows\system32\apphelp.dll
0x718a0000 - 0x718d1000 	C:\Windows\system32\EhStorShell.dll
0x76ba0000 - 0x76d3d000 	C:\Windows\system32\SETUPAPI.dll
0x75d20000 - 0x75d47000 	C:\Windows\system32\CFGMGR32.dll
0x75b50000 - 0x75b62000 	C:\Windows\system32\DEVOBJ.dll
0x748e0000 - 0x749d5000 	C:\Windows\system32\PROPSYS.dll
0x71830000 - 0x7189a000 	C:\Windows\System32\cscui.dll
0x71820000 - 0x71829000 	C:\Windows\System32\CSCDLL.dll
0x71810000 - 0x7181b000 	C:\Windows\system32\CSCAPI.dll
0x717a0000 - 0x7180f000 	C:\Windows\system32\ntshrui.dll
0x75830000 - 0x75849000 	C:\Windows\system32\srvcli.dll
0x73e60000 - 0x73e6a000 	C:\Windows\system32\slc.dll
0x73030000 - 0x73054000 	C:\Program Files\Java\jre7\bin\dcpr.dll
0x73000000 - 0x73025000 	C:\Program Files\Java\jre7\bin\jpeg.dll
0x72250000 - 0x722a1000 	C:\Windows\system32\WINSPOOL.DRV
0x6b040000 - 0x6b0fa000 	C:\Windows\system32\spool\DRIVERS\W32X86\3\unidrvui.dll
0x74fc0000 - 0x74fc9000 	C:\Windows\system32\VERSION.dll
0x72fc0000 - 0x72ff8000 	C:\Windows\system32\spool\DRIVERS\W32X86\3\mxdwdui.DLL
0x6af70000 - 0x6b031000 	C:\Windows\system32\spool\DRIVERS\W32X86\3\mxdwdrv.dll
0x68230000 - 0x68414000 	C:\Windows\system32\spool\DRIVERS\W32X86\3\CNLB0M_D695F.DLL
0x695b0000 - 0x69629000 	C:\Windows\system32\mscms.dll
0x74250000 - 0x74261000 	C:\Windows\system32\NETAPI32.dll
0x74240000 - 0x74249000 	C:\Windows\system32\netutils.dll
0x74230000 - 0x7423f000 	C:\Windows\system32\wkscli.dll
0x74220000 - 0x7422f000 	C:\Windows\system32\SAMCLI.DLL
0x759a0000 - 0x759a8000 	C:\Windows\system32\Secur32.dll
0x67820000 - 0x67ae5000 	C:\Windows\system32\spool\DRIVERS\W32X86\3\CNLB0MUI_D695F.DLL
0x749e0000 - 0x749f2000 	C:\Windows\system32\SAMLIB.dll
0x774a0000 - 0x7751b000 	C:\Windows\system32\COMDLG32.dll
0x088f0000 - 0x08a01000 	C:\Windows\system32\spool\DRIVERS\W32X86\3\CNAP3SMK.DLL
0x74560000 - 0x7456d000 	C:\Windows\system32\WTSAPI32.dll
0x75b70000 - 0x75bf4000 	C:\Windows\WinSxS\x86_microsoft.windows.common-controls_6595b64144ccf1df_5.82.7600.16385_none_ebf82fc36c758ad5\comctl32.dll
0x74f90000 - 0x74fb1000 	C:\Windows\system32\ntmarta.dll
0x77260000 - 0x772a5000 	C:\Windows\system32\WLDAP32.dll
0x6f400000 - 0x6f598000 	C:\Windows\system32\NetworkExplorer.dll
0x6fdb0000 - 0x6fdde000 	C:\Windows\System32\shdocvw.dll
0x725b0000 - 0x725c2000 	C:\Windows\system32\MPR.dll
0x6f3f0000 - 0x6f3f8000 	C:\Windows\System32\drprov.dll
0x75770000 - 0x75799000 	C:\Windows\System32\WINSTA.dll
0x6f3d0000 - 0x6f3e4000 	C:\Windows\System32\ntlanman.dll
0x6f3b0000 - 0x6f3c6000 	C:\Windows\System32\davclnt.dll
0x6f3a0000 - 0x6f3a8000 	C:\Windows\System32\DAVHLPR.dll
0x67d30000 - 0x67f68000 	C:\Windows\system32\wpdshext.dll
0x746e0000 - 0x74870000 	C:\Windows\WinSxS\x86_microsoft.windows.gdiplus_6595b64144ccf1df_1.1.7600.16385_none_72fc7cbf861225ca\gdiplus.dll
0x73950000 - 0x739d9000 	C:\Windows\system32\PortableDeviceApi.dll
0x6f360000 - 0x6f39f000 	C:\Windows\system32\audiodev.dll
0x675b0000 - 0x67817000 	C:\Windows\system32\WMVCore.DLL
0x6af30000 - 0x6af6d000 	C:\Windows\system32\WMASF.DLL
0x710c0000 - 0x710e2000 	C:\Windows\system32\EhStorAPI.dll
0x6f640000 - 0x6f649000 	C:\Windows\system32\LINKINFO.dll
0x6f5a0000 - 0x6f63f000 	C:\Windows\system32\SearchFolder.dll

VM Arguments:
java_command: \\192.168.10.3\PeerlessFinal\Peerless.jar
Launcher Type: SUN_STANDARD

Environment Variables:
PATH=C:\Windows\system32;C:\Windows;C:\Windows\System32\Wbem;C:\Windows\System32\WindowsPowerShell\v1.0\
USERNAME=USER
OS=Windows_NT
PROCESSOR_IDENTIFIER=x86 Family 6 Model 23 Stepping 10, GenuineIntel



---------------  S Y S T E M  ---------------

OS: Windows 7 Build 7600 

CPU:total 2 (2 cores per cpu, 1 threads per core) family 6 model 23 stepping 10, cmov, cx8, fxsr, mmx, sse, sse2, sse3, ssse3

Memory: 4k page, physical 2061560k(731808k free), swap 4123120k(2784060k free)

vm_info: Java HotSpot(TM) Client VM (21.0-b17) for windows-x86 JRE (1.7.0-b147), built on Jun 27 2011 02:25:52 by "java_re" with unknown MS VC++:1600

time: Thu Dec 17 21:59:52 2020
elapsed time: 29317 seconds

